{"C:\\Users\\ספיר\\git\\se17b-hw4-learn-tdd-sapirev\\test\\test.js":{"path":"C:\\Users\\ספיר\\git\\se17b-hw4-learn-tdd-sapirev\\test\\test.js","s":{"1":1,"2":1,"3":1,"4":0,"5":0,"6":0,"7":0,"8":0,"9":0,"10":0,"11":0,"12":0},"b":{},"f":{"1":0,"2":0,"3":0,"4":0,"5":0},"fnMap":{"1":{"name":"(anonymous_1)","line":4,"loc":{"start":{"line":4,"column":21},"end":{"line":4,"column":31}}},"2":{"name":"(anonymous_2)","line":5,"loc":{"start":{"line":5,"column":52},"end":{"line":5,"column":62}}},"3":{"name":"(anonymous_3)","line":8,"loc":{"start":{"line":8,"column":58},"end":{"line":8,"column":68}}},"4":{"name":"(anonymous_4)","line":11,"loc":{"start":{"line":11,"column":79},"end":{"line":11,"column":89}}},"5":{"name":"(anonymous_5)","line":14,"loc":{"start":{"line":14,"column":40},"end":{"line":14,"column":50}}}},"statementMap":{"1":{"start":{"line":1,"column":0},"end":{"line":1,"column":31}},"2":{"start":{"line":2,"column":0},"end":{"line":2,"column":30}},"3":{"start":{"line":4,"column":0},"end":{"line":19,"column":1}},"4":{"start":{"line":5,"column":3},"end":{"line":7,"column":7}},"5":{"start":{"line":6,"column":4},"end":{"line":6,"column":55}},"6":{"start":{"line":8,"column":3},"end":{"line":10,"column":7}},"7":{"start":{"line":9,"column":4},"end":{"line":9,"column":61}},"8":{"start":{"line":11,"column":3},"end":{"line":13,"column":3}},"9":{"start":{"line":12,"column":4},"end":{"line":12,"column":82}},"10":{"start":{"line":14,"column":3},"end":{"line":17,"column":6}},"11":{"start":{"line":15,"column":6},"end":{"line":15,"column":39}},"12":{"start":{"line":16,"column":6},"end":{"line":16,"column":51}}},"branchMap":{}}}