{"C:\\Users\\ספיר\\git\\se17b-hw4-learn-tdd-sapirev\\cash.js":{"path":"C:\\Users\\ספיר\\git\\se17b-hw4-learn-tdd-sapirev\\cash.js","s":{"1":1,"2":1,"3":1,"4":3,"5":3,"6":3,"7":3,"8":36,"9":36,"10":12,"11":12,"12":14,"13":14,"14":3,"15":1},"b":{"1":[12,24]},"f":{"1":3},"fnMap":{"1":{"name":"(anonymous_1)","line":3,"loc":{"start":{"line":3,"column":14},"end":{"line":3,"column":48}}}},"statementMap":{"1":{"start":{"line":1,"column":0},"end":{"line":1,"column":11}},"2":{"start":{"line":2,"column":0},"end":{"line":2,"column":64}},"3":{"start":{"line":3,"column":0},"end":{"line":22,"column":2}},"4":{"start":{"line":5,"column":4},"end":{"line":5,"column":20}},"5":{"start":{"line":6,"column":4},"end":{"line":6,"column":32}},"6":{"start":{"line":7,"column":4},"end":{"line":7,"column":44}},"7":{"start":{"line":9,"column":4},"end":{"line":20,"column":5}},"8":{"start":{"line":10,"column":8},"end":{"line":10,"column":30}},"9":{"start":{"line":12,"column":8},"end":{"line":19,"column":9}},"10":{"start":{"line":13,"column":12},"end":{"line":13,"column":51}},"11":{"start":{"line":15,"column":12},"end":{"line":18,"column":13}},"12":{"start":{"line":16,"column":16},"end":{"line":16,"column":34}},"13":{"start":{"line":17,"column":16},"end":{"line":17,"column":45}},"14":{"start":{"line":21,"column":4},"end":{"line":21,"column":18}},"15":{"start":{"line":23,"column":0},"end":{"line":23,"column":19}}},"branchMap":{"1":{"line":12,"type":"if","locations":[{"start":{"line":12,"column":8},"end":{"line":12,"column":8}},{"start":{"line":12,"column":8},"end":{"line":12,"column":8}}]}}}}